[2024-04-18 00:02:22] INFO root fetch - main [MainThread]: Get Changelog since Serial: [22814207]
[2024-04-18 00:02:28] INFO root fetch - main [MainThread]: Found 10 changed packages
[2024-04-18 00:02:28] INFO root fetch - processPackages [ThreadPoolExecutor-0_0]: Start processing: APIManager-DM-2024
[2024-04-18 00:02:28] INFO root fetch - processPackages [ThreadPoolExecutor-0_1]: Start processing: chkptai
[2024-04-18 00:02:28] INFO root fetch - processPackages [ThreadPoolExecutor-0_2]: Start processing: lythp
[2024-04-18 00:02:28] INFO root fetch - processPackages [ThreadPoolExecutor-0_3]: Start processing: clp-ffi-py
[2024-04-18 00:02:28] INFO root fetch - processPackages [ThreadPoolExecutor-0_4]: Start processing: apollo-orm
[2024-04-18 00:02:28] INFO root fetch - processPackages [ThreadPoolExecutor-0_5]: Start processing: huey-django-orm
[2024-04-18 00:02:28] INFO root fetch - processPackages [ThreadPoolExecutor-0_6]: Start processing: InvokeAI
[2024-04-18 00:02:28] INFO root fetch - processPackages [ThreadPoolExecutor-0_7]: Start processing: ntgcalls
[2024-04-18 00:02:28] INFO root fetch - processPackages [ThreadPoolExecutor-0_8]: Start processing: pandasai
[2024-04-18 00:02:28] INFO root fetch - processPackages [ThreadPoolExecutor-0_9]: Start processing: setuptools-ext
[2024-04-18 00:02:28] INFO root fetch - processPackages [APIManager-DM-2024]: New version: [0.0.3] Old Version: [0.0.2]
[2024-04-18 00:02:28] INFO root fetch - processPackages [apollo-orm]: New version: [2.1.9] Old Version: [2.1.8]
[2024-04-18 00:02:28] WARNING root fetch - processPackages [lythp]: Skipping, unable to determine old version
[2024-04-18 00:02:28] INFO root fetch - main [MainThread]: End processing [lythp] error
[2024-04-18 00:02:28] INFO root fetch - processPackages [chkptai]: New version: [0.1.3] Old Version: [0.1.2]
[2024-04-18 00:02:28] INFO root fetch - processPackages [huey-django-orm]: New version: [23.12.10.2] Old Version: [23.12.10.0]
[2024-04-18 00:02:28] INFO root fetch - processPackages [APIManager-DM-2024]: Downloading https://files.pythonhosted.org/packages/29/67/b5bbc22f6fe66599c974ba09d006fd21b7bbd80fd4551dc95ed30e72a3f4/apimanager_dm_2024-0.0.2.tar.gz
[2024-04-18 00:02:28] INFO root fetch - processPackages [setuptools-ext]: New version: [0.6] Old Version: [0.5]
[2024-04-18 00:02:28] INFO root fetch - processPackages [clp-ffi-py]: New version: [0.1.0b0] Old Version: [0.0.9b0]
[2024-04-18 00:02:28] INFO root fetch - processPackages [InvokeAI]: New version: [4.1.0] Old Version: [4.0.4]
[2024-04-18 00:02:28] INFO root fetch - processPackages [pandasai]: New version: [2.0a9] Old Version: [2.0a8]
[2024-04-18 00:02:28] INFO root fetch - processPackages [apollo-orm]: Downloading https://files.pythonhosted.org/packages/4c/03/28dc4fecc66d223cc48c1879763a6c519fdb0a422b2518440840c742c0bc/apollo-orm-2.1.8.tar.gz
[2024-04-18 00:02:28] INFO root fetch - processPackages [ntgcalls]: New version: [1.2.0b9] Old Version: [1.2.0b8]
[2024-04-18 00:02:28] INFO root fetch - processPackages [chkptai]: Downloading https://files.pythonhosted.org/packages/1c/fd/a4f4ea7f1eb0ef271fe1cb172f63e21b63b89d3fbc8f1aed9dce26fc596e/chkptai-0.1.2.tar.gz
[2024-04-18 00:02:28] INFO root fetch - processPackages [apollo-orm]: Downloading https://files.pythonhosted.org/packages/02/49/69a2a4174fbb38eb4a42fae24f206dc7c039a012f55f8d9dd8e745f432cc/apollo_orm-2.1.9.tar.gz
[2024-04-18 00:02:28] INFO root fetch - processPackages [huey-django-orm]: Downloading https://files.pythonhosted.org/packages/bd/89/e600f9c7e2ea5ec622739e82275b65cc608a0f5e0565432f3400fa2ade54/huey_django_orm-23.12.10.0.tar.gz
[2024-04-18 00:02:28] INFO root fetch - processPackages [setuptools-ext]: Downloading https://files.pythonhosted.org/packages/d6/69/899be2c8fb636b9a2429843cb39b215c75c8215300f88958715ec52aa560/setuptools-ext-0.5.tar.gz
[2024-04-18 00:02:28] INFO root fetch - processPackages [pandasai]: Downloading https://files.pythonhosted.org/packages/45/d0/411589316f7a6ef5ebd6102b368912a4af989b793a0944b97d0d900e6161/pandasai-2.0a8.tar.gz
[2024-04-18 00:02:28] INFO root fetch - processPackages [InvokeAI]: Downloading https://files.pythonhosted.org/packages/e7/24/f59daa55309aff03258b959cf1cdc0852f8d0f1ab86d41d24e09eea3b24e/InvokeAI-4.0.4.tar.gz
[2024-04-18 00:02:28] INFO root fetch - processPackages [ntgcalls]: Downloading https://files.pythonhosted.org/packages/02/1c/2c9cbe7063a76be70bbc3f3e77ccc089c159693dc2e6eab7e14727e528ed/ntgcalls-1.2.0b8.tar.gz
[2024-04-18 00:02:28] INFO root fetch - processPackages [clp-ffi-py]: Downloading https://files.pythonhosted.org/packages/13/27/5eebaa3aa8d9486ac550356e554b76cfbcaa1d5174c6518000560015c610/clp_ffi_py-0.0.9b0-pp39-pypy39_pp73-manylinux_2_17_x86_64.manylinux2014_x86_64.whl
[2024-04-18 00:02:28] INFO root fetch - processPackages [apollo-orm]: executing diffoscope
[2024-04-18 00:02:28] INFO root fetch - processPackages [apollo-orm]: podman run --user 0:0 --rm -w /home/abi/fetcher -v /home/abi/fetcher/tmp:/home/abi/fetcher/tmp:ro -v /home/abi/fetcher/20240418:/home/abi/fetcher/20240418:rw registry.salsa.debian.org/reproducible-builds/diffoscope --no-progress tmp/apollo-orm-2.1.8.tar.gz tmp/apollo_orm-2.1.9.tar.gz --markdown 20240418/a/apollo-orm/2.1.8-2.1.9/README.md --exclude *.pyd
[2024-04-18 00:02:29] INFO root fetch - processPackages [chkptai]: Downloading https://files.pythonhosted.org/packages/9a/b4/48fe7ec84015a47adc81de865eb61fab1d7a9cec23a081dd9a4deb0a198e/chkptai-0.1.3.tar.gz
[2024-04-18 00:02:29] INFO root fetch - processPackages [APIManager-DM-2024]: Downloading https://files.pythonhosted.org/packages/87/69/71160d0b86104f983ca5baf2eb6e50ed505669e382ecac6e54665a856490/apimanager_dm_2024-0.0.3.tar.gz
[2024-04-18 00:02:29] INFO root fetch - processPackages [huey-django-orm]: Downloading https://files.pythonhosted.org/packages/fb/71/4f6b6f0b1a240ca085ac3ce1eef3cb73524d46be20f8f683ef60e716d264/huey_django_orm-23.12.10.2.tar.gz
[2024-04-18 00:02:29] INFO root fetch - processPackages [setuptools-ext]: Downloading https://files.pythonhosted.org/packages/32/71/d8103333b7f10d42ea86972c645738d6e9ac35468bbc0e16016ae56aefb8/setuptools_ext-0.6.tar.gz
[2024-04-18 00:02:29] INFO root fetch - processPackages [pandasai]: Downloading https://files.pythonhosted.org/packages/a1/20/3561bdae1b48497693d449a6c68b80514d1748d9bb36a7928867f863159a/pandasai-2.0a9.tar.gz
[2024-04-18 00:02:29] INFO root fetch - processPackages [chkptai]: executing diffoscope
[2024-04-18 00:02:29] INFO root fetch - processPackages [chkptai]: podman run --user 0:0 --rm -w /home/abi/fetcher -v /home/abi/fetcher/tmp:/home/abi/fetcher/tmp:ro -v /home/abi/fetcher/20240418:/home/abi/fetcher/20240418:rw registry.salsa.debian.org/reproducible-builds/diffoscope --no-progress tmp/chkptai-0.1.2.tar.gz tmp/chkptai-0.1.3.tar.gz --markdown 20240418/c/chkptai/0.1.2-0.1.3/README.md --exclude *.pyd
[2024-04-18 00:02:29] INFO root fetch - processPackages [huey-django-orm]: executing diffoscope
[2024-04-18 00:02:29] INFO root fetch - processPackages [huey-django-orm]: podman run --user 0:0 --rm -w /home/abi/fetcher -v /home/abi/fetcher/tmp:/home/abi/fetcher/tmp:ro -v /home/abi/fetcher/20240418:/home/abi/fetcher/20240418:rw registry.salsa.debian.org/reproducible-builds/diffoscope --no-progress tmp/huey_django_orm-23.12.10.0.tar.gz tmp/huey_django_orm-23.12.10.2.tar.gz --markdown 20240418/h/huey-django-orm/23.12.10.0-23.12.10.2/README.md --exclude *.pyd
[2024-04-18 00:02:29] INFO root fetch - processPackages [pandasai]: executing diffoscope
[2024-04-18 00:02:29] INFO root fetch - processPackages [pandasai]: podman run --user 0:0 --rm -w /home/abi/fetcher -v /home/abi/fetcher/tmp:/home/abi/fetcher/tmp:ro -v /home/abi/fetcher/20240418:/home/abi/fetcher/20240418:rw registry.salsa.debian.org/reproducible-builds/diffoscope --no-progress tmp/pandasai-2.0a8.tar.gz tmp/pandasai-2.0a9.tar.gz --markdown 20240418/p/pandasai/2.0a8-2.0a9/README.md --exclude *.pyd
[2024-04-18 00:02:29] INFO root fetch - processPackages [setuptools-ext]: executing diffoscope
[2024-04-18 00:02:29] INFO root fetch - processPackages [setuptools-ext]: podman run --user 0:0 --rm -w /home/abi/fetcher -v /home/abi/fetcher/tmp:/home/abi/fetcher/tmp:ro -v /home/abi/fetcher/20240418:/home/abi/fetcher/20240418:rw registry.salsa.debian.org/reproducible-builds/diffoscope --no-progress tmp/setuptools-ext-0.5.tar.gz tmp/setuptools_ext-0.6.tar.gz --markdown 20240418/s/setuptools-ext/0.5-0.6/README.md --exclude *.pyd
[2024-04-18 00:02:29] INFO root fetch - processPackages [clp-ffi-py]: Downloading https://files.pythonhosted.org/packages/bc/14/a58298780bc5bfe05da02c2db9d9652f85593adb2baf298dbbcaa78e3a2b/clp_ffi_py-0.1.0b0-pp39-pypy39_pp73-manylinux_2_17_x86_64.manylinux2014_x86_64.whl
[2024-04-18 00:02:29] INFO root fetch - processPackages [InvokeAI]: Downloading https://files.pythonhosted.org/packages/f0/e5/ccbec46ddb9eadf0706881b7e5b12082fdcfaef1366cbfa2964e716c2eed/InvokeAI-4.1.0.tar.gz
[2024-04-18 00:02:29] INFO root fetch - processPackages [ntgcalls]: Downloading https://files.pythonhosted.org/packages/02/c2/34a28e461c46d812ee4702530b307c61df5ec3b3fde09afe9bc5bd5b2168/ntgcalls-1.2.0b9.tar.gz
[2024-04-18 00:02:29] INFO root fetch - processPackages [clp-ffi-py]: executing diffoscope
[2024-04-18 00:02:29] INFO root fetch - processPackages [clp-ffi-py]: podman run --user 0:0 --rm -w /home/abi/fetcher -v /home/abi/fetcher/tmp:/home/abi/fetcher/tmp:ro -v /home/abi/fetcher/20240418:/home/abi/fetcher/20240418:rw registry.salsa.debian.org/reproducible-builds/diffoscope --no-progress tmp/clp_ffi_py-0.0.9b0-pp39-pypy39_pp73-manylinux_2_17_x86_64.manylinux2014_x86_64.whl.zip tmp/clp_ffi_py-0.1.0b0-pp39-pypy39_pp73-manylinux_2_17_x86_64.manylinux2014_x86_64.whl.zip --markdown 20240418/c/clp-ffi-py/0.0.9b0-0.1.0b0/README.md --exclude *.pyd
[2024-04-18 00:02:29] INFO root fetch - processPackages [apollo-orm]: Remove: archive file [/home/abi/fetcher/tmp/apollo-orm-2.1.8.tar.gz]
[2024-04-18 00:02:29] INFO root fetch - processPackages [apollo-orm]: Remove: archive file [/home/abi/fetcher/tmp/apollo_orm-2.1.9.tar.gz]
[2024-04-18 00:02:29] INFO root fetch - main [MainThread]: End processing [apollo-orm]: success
[2024-04-18 00:02:30] INFO root fetch - processPackages [InvokeAI]: executing diffoscope
[2024-04-18 00:02:30] INFO root fetch - processPackages [InvokeAI]: podman run --user 0:0 --rm -w /home/abi/fetcher -v /home/abi/fetcher/tmp:/home/abi/fetcher/tmp:ro -v /home/abi/fetcher/20240418:/home/abi/fetcher/20240418:rw registry.salsa.debian.org/reproducible-builds/diffoscope --no-progress tmp/InvokeAI-4.0.4.tar.gz tmp/InvokeAI-4.1.0.tar.gz --markdown 20240418/I/InvokeAI/4.0.4-4.1.0/README.md --exclude *.pyd
[2024-04-18 00:02:30] INFO root fetch - processPackages [chkptai]: Remove: archive file [/home/abi/fetcher/tmp/chkptai-0.1.2.tar.gz]
[2024-04-18 00:02:30] INFO root fetch - processPackages [chkptai]: Remove: archive file [/home/abi/fetcher/tmp/chkptai-0.1.3.tar.gz]
[2024-04-18 00:02:30] INFO root fetch - main [MainThread]: End processing [chkptai]: success
[2024-04-18 00:02:30] INFO root fetch - processPackages [APIManager-DM-2024]: executing diffoscope
[2024-04-18 00:02:30] INFO root fetch - processPackages [APIManager-DM-2024]: podman run --user 0:0 --rm -w /home/abi/fetcher -v /home/abi/fetcher/tmp:/home/abi/fetcher/tmp:ro -v /home/abi/fetcher/20240418:/home/abi/fetcher/20240418:rw registry.salsa.debian.org/reproducible-builds/diffoscope --no-progress tmp/apimanager_dm_2024-0.0.2.tar.gz tmp/apimanager_dm_2024-0.0.3.tar.gz --markdown 20240418/A/APIManager-DM-2024/0.0.2-0.0.3/README.md --exclude *.pyd
[2024-04-18 00:02:30] INFO root fetch - processPackages [huey-django-orm]: Remove: archive file [/home/abi/fetcher/tmp/huey_django_orm-23.12.10.0.tar.gz]
[2024-04-18 00:02:30] INFO root fetch - processPackages [huey-django-orm]: Remove: archive file [/home/abi/fetcher/tmp/huey_django_orm-23.12.10.2.tar.gz]
[2024-04-18 00:02:30] INFO root fetch - main [MainThread]: End processing [huey-django-orm]: success
[2024-04-18 00:02:30] INFO root fetch - processPackages [setuptools-ext]: Remove: archive file [/home/abi/fetcher/tmp/setuptools-ext-0.5.tar.gz]
[2024-04-18 00:02:30] INFO root fetch - processPackages [setuptools-ext]: Remove: archive file [/home/abi/fetcher/tmp/setuptools_ext-0.6.tar.gz]
[2024-04-18 00:02:30] INFO root fetch - main [MainThread]: End processing [setuptools-ext]: success
[2024-04-18 00:02:30] INFO root fetch - processPackages [ntgcalls]: executing diffoscope
[2024-04-18 00:02:30] INFO root fetch - processPackages [ntgcalls]: podman run --user 0:0 --rm -w /home/abi/fetcher -v /home/abi/fetcher/tmp:/home/abi/fetcher/tmp:ro -v /home/abi/fetcher/20240418:/home/abi/fetcher/20240418:rw registry.salsa.debian.org/reproducible-builds/diffoscope --no-progress tmp/ntgcalls-1.2.0b8.tar.gz tmp/ntgcalls-1.2.0b9.tar.gz --markdown 20240418/n/ntgcalls/1.2.0b8-1.2.0b9/README.md --exclude *.pyd
[2024-04-18 00:02:30] INFO root fetch - processPackages [pandasai]: Remove: archive file [/home/abi/fetcher/tmp/pandasai-2.0a8.tar.gz]
[2024-04-18 00:02:30] INFO root fetch - processPackages [pandasai]: Remove: archive file [/home/abi/fetcher/tmp/pandasai-2.0a9.tar.gz]
[2024-04-18 00:02:30] INFO root fetch - main [MainThread]: End processing [pandasai]: success
[2024-04-18 00:02:33] INFO root fetch - processPackages [clp-ffi-py]: Remove: archive file [/home/abi/fetcher/tmp/clp_ffi_py-0.0.9b0-pp39-pypy39_pp73-manylinux_2_17_x86_64.manylinux2014_x86_64.whl.zip]
[2024-04-18 00:02:33] INFO root fetch - processPackages [clp-ffi-py]: Remove: archive file [/home/abi/fetcher/tmp/clp_ffi_py-0.1.0b0-pp39-pypy39_pp73-manylinux_2_17_x86_64.manylinux2014_x86_64.whl.zip]
[2024-04-18 00:02:33] INFO root fetch - main [MainThread]: End processing [clp-ffi-py]: success
[2024-04-18 00:02:37] INFO root fetch - processPackages [ntgcalls]: Remove: archive file [/home/abi/fetcher/tmp/ntgcalls-1.2.0b8.tar.gz]
[2024-04-18 00:02:37] INFO root fetch - processPackages [ntgcalls]: Remove: archive file [/home/abi/fetcher/tmp/ntgcalls-1.2.0b9.tar.gz]
[2024-04-18 00:02:37] INFO root fetch - main [MainThread]: End processing [ntgcalls]: success
[2024-04-18 00:02:39] INFO root fetch - processPackages [APIManager-DM-2024]: Remove: archive file [/home/abi/fetcher/tmp/apimanager_dm_2024-0.0.2.tar.gz]
[2024-04-18 00:02:39] INFO root fetch - processPackages [APIManager-DM-2024]: Remove: archive file [/home/abi/fetcher/tmp/apimanager_dm_2024-0.0.3.tar.gz]
[2024-04-18 00:02:39] INFO root fetch - main [MainThread]: End processing [APIManager-DM-2024]: success
[2024-04-18 00:02:57] INFO root fetch - processPackages [InvokeAI]: Remove: archive file [/home/abi/fetcher/tmp/InvokeAI-4.0.4.tar.gz]
[2024-04-18 00:02:57] INFO root fetch - processPackages [InvokeAI]: Remove: archive file [/home/abi/fetcher/tmp/InvokeAI-4.1.0.tar.gz]
[2024-04-18 00:02:57] INFO root fetch - main [MainThread]: End processing [InvokeAI]: success
[2024-04-18 00:02:57] INFO root fetch - main [MainThread]: Store serial: [22814334]
